<?xml version="1.0" encoding="UTF-8"?>
<testng-results skipped="0" failed="0" ignored="0" total="1" passed="1">
  <reporter-output>
  </reporter-output>
  <suite name="Default suite" duration-ms="79" started-at="2019-06-29T17:40:02Z" finished-at="2019-06-29T17:40:03Z">
    <groups>
    </groups>
    <test name="Default test" duration-ms="79" started-at="2019-06-29T17:40:02Z" finished-at="2019-06-29T17:40:03Z">
      <class name="P1.NewTest">
        <test-method status="PASS" signature="f()[pri:0, instance:P1.NewTest@5b275dab]" name="f" duration-ms="17" started-at="2019-06-29T23:10:03Z" finished-at="2019-06-29T23:10:03Z">
          <reporter-output>
          </reporter-output>
        </test-method> <!-- f -->
      </class> <!-- P1.NewTest -->
    </test> <!-- Default test -->
  </suite> <!-- Default suite -->
</testng-results>
